<?xml version="1.0" encoding="UTF-8"?>
<!-- Generated by org.testng.reporters.JUnitReportReporter -->
<testsuite hostname="Emilys-MacBook-Air.local" failures="0" tests="2" name="tests.SauceDemoLoginTests" time="46.704" errors="0" timestamp="2022-12-23T20:32:56 EST" skipped="0">
  <testcase classname="tests.SauceDemoLoginTests" name="credentialTest" time="16.912"/>
  <system-out/>
  <testcase classname="tests.SauceDemoLoginTests" name="credentialTest" time="29.792"/>
  <system-out/>
</testsuite> <!-- tests.SauceDemoLoginTests -->
